The system is: Linux - 2.6.22-14-generic - unknown
Determining if the C compiler is GNU succeeded with the following output:
`-mcpu=' is deprecated. Use `-mtune=' or '-march=' instead.
# 1 "/usr/share/cmake-2.4/Modules/CMakeTestGNU.c"
# 1 "/home/pez2001/libjoy-dev/libjoy-0.1/build/RPM/BUILD/libjoy-0.2//"
# 1 "<eingebaut>"
# 1 "<Kommandozeile>"
# 1 "/usr/share/cmake-2.4/Modules/CMakeTestGNU.c"

void THIS_IS_GNU();

Determining if the C++ compiler is GNU succeeded with the following output:
# 1 "/usr/share/cmake-2.4/Modules/CMakeTestGNU.c"
# 1 "<eingebaut>"
# 1 "<Kommandozeile>"
# 1 "/usr/share/cmake-2.4/Modules/CMakeTestGNU.c"

void THIS_IS_GNU();

Determining if the C compiler works passed with the following output:
/usr/bin/make -f CMakeFiles/cmTryCompileExec.dir/build.make CMakeFiles/cmTryCompileExec.dir/build
make[1]: Betrete Verzeichnis '/home/pez2001/libjoy-dev/libjoy-0.1/build/RPM/BUILD/libjoy-0.2/CMakeFiles/CMakeTmp'
/usr/bin/cmake -E cmake_progress_report /home/pez2001/libjoy-dev/libjoy-0.1/build/RPM/BUILD/libjoy-0.2/CMakeFiles/CMakeTmp/CMakeFiles 1
Building C object CMakeFiles/cmTryCompileExec.dir/testCCompiler.o
/usr/bin/gcc  -O2 -g -march=i386 -mcpu=i686      -o CMakeFiles/cmTryCompileExec.dir/testCCompiler.o   -c /home/pez2001/libjoy-dev/libjoy-0.1/build/RPM/BUILD/libjoy-0.2/CMakeFiles/CMakeTmp/testCCompiler.c
`-mcpu=' is deprecated. Use `-mtune=' or '-march=' instead.
Linking C executable cmTryCompileExec
/usr/bin/cmake -P CMakeFiles/cmTryCompileExec.dir/cmake_clean_target.cmake
/usr/bin/gcc   -O2 -g -march=i386 -mcpu=i686     -fPIC "CMakeFiles/cmTryCompileExec.dir/testCCompiler.o"   -o cmTryCompileExec -rdynamic 
make[1]: Verlasse Verzeichnis '/home/pez2001/libjoy-dev/libjoy-0.1/build/RPM/BUILD/libjoy-0.2/CMakeFiles/CMakeTmp'


Determining size of void* passed with the following output:
/usr/bin/make -f CMakeFiles/cmTryCompileExec.dir/build.make CMakeFiles/cmTryCompileExec.dir/build
make[1]: Betrete Verzeichnis '/home/pez2001/libjoy-dev/libjoy-0.1/build/RPM/BUILD/libjoy-0.2/CMakeFiles/CMakeTmp'
/usr/bin/cmake -E cmake_progress_report /home/pez2001/libjoy-dev/libjoy-0.1/build/RPM/BUILD/libjoy-0.2/CMakeFiles/CMakeTmp/CMakeFiles 1
Building C object CMakeFiles/cmTryCompileExec.dir/CheckTypeSize.o
/usr/bin/gcc  -O2 -g -march=i386 -mcpu=i686      -o CMakeFiles/cmTryCompileExec.dir/CheckTypeSize.o   -c /home/pez2001/libjoy-dev/libjoy-0.1/build/RPM/BUILD/libjoy-0.2/CMakeFiles/CMakeTmp/CheckTypeSize.c
`-mcpu=' is deprecated. Use `-mtune=' or '-march=' instead.
Linking C executable cmTryCompileExec
/usr/bin/cmake -P CMakeFiles/cmTryCompileExec.dir/cmake_clean_target.cmake
/usr/bin/gcc   -O2 -g -march=i386 -mcpu=i686     -fPIC "CMakeFiles/cmTryCompileExec.dir/CheckTypeSize.o"   -o cmTryCompileExec -rdynamic 
make[1]: Verlasse Verzeichnis '/home/pez2001/libjoy-dev/libjoy-0.1/build/RPM/BUILD/libjoy-0.2/CMakeFiles/CMakeTmp'


Determining if the CXX compiler works passed with the following output:
/usr/bin/make -f CMakeFiles/cmTryCompileExec.dir/build.make CMakeFiles/cmTryCompileExec.dir/build
make[1]: Betrete Verzeichnis '/home/pez2001/libjoy-dev/libjoy-0.1/build/RPM/BUILD/libjoy-0.2/CMakeFiles/CMakeTmp'
/usr/bin/cmake -E cmake_progress_report /home/pez2001/libjoy-dev/libjoy-0.1/build/RPM/BUILD/libjoy-0.2/CMakeFiles/CMakeTmp/CMakeFiles 1
Building CXX object CMakeFiles/cmTryCompileExec.dir/testCXXCompiler.o
/usr/bin/c++   -O2 -g -march=i386 -mcpu=i686      -o CMakeFiles/cmTryCompileExec.dir/testCXXCompiler.o -c /home/pez2001/libjoy-dev/libjoy-0.1/build/RPM/BUILD/libjoy-0.2/CMakeFiles/CMakeTmp/testCXXCompiler.cxx
`-mcpu=' is deprecated. Use `-mtune=' or '-march=' instead.
Linking CXX executable cmTryCompileExec
/usr/bin/cmake -P CMakeFiles/cmTryCompileExec.dir/cmake_clean_target.cmake
/usr/bin/c++    -O2 -g -march=i386 -mcpu=i686     -fPIC "CMakeFiles/cmTryCompileExec.dir/testCXXCompiler.o"   -o cmTryCompileExec -rdynamic 
make[1]: Verlasse Verzeichnis '/home/pez2001/libjoy-dev/libjoy-0.1/build/RPM/BUILD/libjoy-0.2/CMakeFiles/CMakeTmp'


